  Buffs.cpp
C:\Users\User\Desktop\Materials for Breda\CreateClassProject-main\CreateClassProject-main\Buffs.cpp(23,30): warning C4244: 'argument': conversion from 'float' to 'int', possible loss of data
C:\Users\User\Desktop\Materials for Breda\CreateClassProject-main\CreateClassProject-main\Buffs.cpp(23,24): warning C4244: 'argument': conversion from 'float' to 'int', possible loss of data
C:\Users\User\Desktop\Materials for Breda\CreateClassProject-main\CreateClassProject-main\Buffs.cpp(28,35): warning C4244: 'argument': conversion from 'float' to 'int', possible loss of data
C:\Users\User\Desktop\Materials for Breda\CreateClassProject-main\CreateClassProject-main\Buffs.cpp(28,29): warning C4244: 'argument': conversion from 'float' to 'int', possible loss of data
C:\Users\User\Desktop\Materials for Breda\CreateClassProject-main\CreateClassProject-main\Buffs.cpp(33,30): warning C4244: 'argument': conversion from 'float' to 'int', possible loss of data
C:\Users\User\Desktop\Materials for Breda\CreateClassProject-main\CreateClassProject-main\Buffs.cpp(33,24): warning C4244: 'argument': conversion from 'float' to 'int', possible loss of data
C:\Users\User\Desktop\Materials for Breda\CreateClassProject-main\CreateClassProject-main\Buffs.cpp(38,32): warning C4244: 'argument': conversion from 'float' to 'int', possible loss of data
C:\Users\User\Desktop\Materials for Breda\CreateClassProject-main\CreateClassProject-main\Buffs.cpp(38,26): warning C4244: 'argument': conversion from 'float' to 'int', possible loss of data
  Object.cpp
C:\Users\User\Desktop\Materials for Breda\CreateClassProject-main\CreateClassProject-main\Object.cpp(37,46): warning C4244: 'argument': conversion from 'int' to 'float', possible loss of data
C:\Users\User\Desktop\Materials for Breda\CreateClassProject-main\CreateClassProject-main\Object.cpp(37,35): warning C4244: 'argument': conversion from 'int' to 'float', possible loss of data
C:\Users\User\Desktop\Materials for Breda\CreateClassProject-main\CreateClassProject-main\Object.cpp(37,24): warning C4244: 'argument': conversion from 'int' to 'float', possible loss of data
C:\Users\User\Desktop\Materials for Breda\CreateClassProject-main\CreateClassProject-main\Object.cpp(37,13): warning C4244: 'argument': conversion from 'int' to 'float', possible loss of data
C:\Users\User\Desktop\Materials for Breda\CreateClassProject-main\CreateClassProject-main\Object.cpp(38,46): warning C4244: 'argument': conversion from 'int' to 'float', possible loss of data
C:\Users\User\Desktop\Materials for Breda\CreateClassProject-main\CreateClassProject-main\Object.cpp(38,35): warning C4244: 'argument': conversion from 'int' to 'float', possible loss of data
C:\Users\User\Desktop\Materials for Breda\CreateClassProject-main\CreateClassProject-main\Object.cpp(38,24): warning C4244: 'argument': conversion from 'int' to 'float', possible loss of data
C:\Users\User\Desktop\Materials for Breda\CreateClassProject-main\CreateClassProject-main\Object.cpp(38,13): warning C4244: 'argument': conversion from 'int' to 'float', possible loss of data
C:\Users\User\Desktop\Materials for Breda\CreateClassProject-main\CreateClassProject-main\Object.cpp(39,46): warning C4244: 'argument': conversion from 'int' to 'float', possible loss of data
C:\Users\User\Desktop\Materials for Breda\CreateClassProject-main\CreateClassProject-main\Object.cpp(39,35): warning C4244: 'argument': conversion from 'int' to 'float', possible loss of data
C:\Users\User\Desktop\Materials for Breda\CreateClassProject-main\CreateClassProject-main\Object.cpp(39,24): warning C4244: 'argument': conversion from 'int' to 'float', possible loss of data
C:\Users\User\Desktop\Materials for Breda\CreateClassProject-main\CreateClassProject-main\Object.cpp(39,13): warning C4244: 'argument': conversion from 'int' to 'float', possible loss of data
C:\Users\User\Desktop\Materials for Breda\CreateClassProject-main\CreateClassProject-main\Object.cpp(40,46): warning C4244: 'argument': conversion from 'int' to 'float', possible loss of data
C:\Users\User\Desktop\Materials for Breda\CreateClassProject-main\CreateClassProject-main\Object.cpp(40,35): warning C4244: 'argument': conversion from 'int' to 'float', possible loss of data
C:\Users\User\Desktop\Materials for Breda\CreateClassProject-main\CreateClassProject-main\Object.cpp(40,24): warning C4244: 'argument': conversion from 'int' to 'float', possible loss of data
C:\Users\User\Desktop\Materials for Breda\CreateClassProject-main\CreateClassProject-main\Object.cpp(40,13): warning C4244: 'argument': conversion from 'int' to 'float', possible loss of data
C:\Users\User\Desktop\Materials for Breda\CreateClassProject-main\CreateClassProject-main\Object.cpp(44,50): warning C4244: 'argument': conversion from 'int' to 'float', possible loss of data
C:\Users\User\Desktop\Materials for Breda\CreateClassProject-main\CreateClassProject-main\Object.cpp(44,39): warning C4244: 'argument': conversion from 'int' to 'float', possible loss of data
C:\Users\User\Desktop\Materials for Breda\CreateClassProject-main\CreateClassProject-main\Object.cpp(44,28): warning C4244: 'argument': conversion from 'int' to 'float', possible loss of data
C:\Users\User\Desktop\Materials for Breda\CreateClassProject-main\CreateClassProject-main\Object.cpp(44,17): warning C4244: 'argument': conversion from 'int' to 'float', possible loss of data
C:\Users\User\Desktop\Materials for Breda\CreateClassProject-main\CreateClassProject-main\Object.cpp(45,50): warning C4244: 'argument': conversion from 'int' to 'float', possible loss of data
C:\Users\User\Desktop\Materials for Breda\CreateClassProject-main\CreateClassProject-main\Object.cpp(45,39): warning C4244: 'argument': conversion from 'int' to 'float', possible loss of data
C:\Users\User\Desktop\Materials for Breda\CreateClassProject-main\CreateClassProject-main\Object.cpp(45,28): warning C4244: 'argument': conversion from 'int' to 'float', possible loss of data
C:\Users\User\Desktop\Materials for Breda\CreateClassProject-main\CreateClassProject-main\Object.cpp(45,17): warning C4244: 'argument': conversion from 'int' to 'float', possible loss of data
C:\Users\User\Desktop\Materials for Breda\CreateClassProject-main\CreateClassProject-main\Object.cpp(50,35): warning C4244: '=': conversion from 'float' to 'int', possible loss of data
C:\Users\User\Desktop\Materials for Breda\CreateClassProject-main\CreateClassProject-main\Object.cpp(55,36): warning C4244: '=': conversion from 'int' to 'float', possible loss of data
C:\Users\User\Desktop\Materials for Breda\CreateClassProject-main\CreateClassProject-main\Object.cpp(59,28): warning C4244: '=': conversion from 'int' to 'float', possible loss of data
C:\Users\User\Desktop\Materials for Breda\CreateClassProject-main\CreateClassProject-main\Object.cpp(65,28): warning C4244: '=': conversion from 'int' to 'float', possible loss of data
C:\Users\User\Desktop\Materials for Breda\CreateClassProject-main\CreateClassProject-main\Object.cpp(73,46): warning C4244: 'argument': conversion from 'int' to 'float', possible loss of data
C:\Users\User\Desktop\Materials for Breda\CreateClassProject-main\CreateClassProject-main\Object.cpp(73,35): warning C4244: 'argument': conversion from 'int' to 'float', possible loss of data
C:\Users\User\Desktop\Materials for Breda\CreateClassProject-main\CreateClassProject-main\Object.cpp(73,24): warning C4244: 'argument': conversion from 'int' to 'float', possible loss of data
C:\Users\User\Desktop\Materials for Breda\CreateClassProject-main\CreateClassProject-main\Object.cpp(73,13): warning C4244: 'argument': conversion from 'int' to 'float', possible loss of data
C:\Users\User\Desktop\Materials for Breda\CreateClassProject-main\CreateClassProject-main\Object.cpp(74,46): warning C4244: 'argument': conversion from 'int' to 'float', possible loss of data
C:\Users\User\Desktop\Materials for Breda\CreateClassProject-main\CreateClassProject-main\Object.cpp(74,35): warning C4244: 'argument': conversion from 'int' to 'float', possible loss of data
C:\Users\User\Desktop\Materials for Breda\CreateClassProject-main\CreateClassProject-main\Object.cpp(74,24): warning C4244: 'argument': conversion from 'int' to 'float', possible loss of data
C:\Users\User\Desktop\Materials for Breda\CreateClassProject-main\CreateClassProject-main\Object.cpp(74,13): warning C4244: 'argument': conversion from 'int' to 'float', possible loss of data
C:\Users\User\Desktop\Materials for Breda\CreateClassProject-main\CreateClassProject-main\Object.cpp(78,35): warning C4244: '=': conversion from 'float' to 'int', possible loss of data
C:\Users\User\Desktop\Materials for Breda\CreateClassProject-main\CreateClassProject-main\Object.cpp(86,36): warning C4244: '=': conversion from 'int' to 'float', possible loss of data
  Projectile.cpp
C:\Users\User\Desktop\Materials for Breda\CreateClassProject-main\CreateClassProject-main\Projectile.cpp(56,32): warning C4244: 'argument': conversion from 'float' to 'int', possible loss of data
C:\Users\User\Desktop\Materials for Breda\CreateClassProject-main\CreateClassProject-main\Projectile.cpp(56,28): warning C4244: 'argument': conversion from 'float' to 'int', possible loss of data
  Spawner.cpp
C:\Users\User\Desktop\Materials for Breda\CreateClassProject-main\CreateClassProject-main\Spawner.cpp(33,31): warning C4244: 'argument': conversion from 'float' to 'int', possible loss of data
C:\Users\User\Desktop\Materials for Breda\CreateClassProject-main\CreateClassProject-main\Spawner.cpp(33,23): warning C4244: 'argument': conversion from 'float' to 'int', possible loss of data
C:\Users\User\Desktop\Materials for Breda\CreateClassProject-main\CreateClassProject-main\Spawner.cpp(84,21): warning C4018: '<': signed/unsigned mismatch
C:\Users\User\Desktop\Materials for Breda\CreateClassProject-main\CreateClassProject-main\Spawner.cpp(94,28): warning C4244: '=': conversion from 'int' to '_Ty', possible loss of data
          with
          [
              _Ty=float
          ]
C:\Users\User\Desktop\Materials for Breda\CreateClassProject-main\CreateClassProject-main\Spawner.cpp(96,31): warning C4244: 'argument': conversion from 'int' to 'float', possible loss of data
C:\Users\User\Desktop\Materials for Breda\CreateClassProject-main\CreateClassProject-main\Spawner.cpp(76,9): warning C4101: 'newPos': unreferenced local variable
  Spikes.cpp
C:\Users\User\Desktop\Materials for Breda\CreateClassProject-main\CreateClassProject-main\Spikes.cpp(25,45): warning C4244: 'argument': conversion from 'float' to 'int', possible loss of data
C:\Users\User\Desktop\Materials for Breda\CreateClassProject-main\CreateClassProject-main\Spikes.cpp(25,32): warning C4244: 'argument': conversion from 'float' to 'int', possible loss of data
C:\Users\User\Desktop\Materials for Breda\CreateClassProject-main\CreateClassProject-main\Spikes.cpp(40,35): warning C4244: '=': conversion from 'float' to 'int', possible loss of data
  game.cpp
C:\Users\User\Desktop\Materials for Breda\CreateClassProject-main\CreateClassProject-main\game.cpp(50,9): warning C4996: 'getpid': The POSIX name for this item is deprecated. Instead, use the ISO C and C++ conformant name: _getpid. See online help for details.
  template.cpp
  Generating Code...
  tmpl_2019-08.vcxproj -> C:\Users\User\Desktop\Materials for Breda\CreateClassProject-main\CreateClassProject-main\tmpl_2019-08_x86_debug.exe
